<?xml version="1.0" encoding="UTF-8"?>
<testng-results skipped="0" failed="0" ignored="0" total="1" passed="1">
  <reporter-output>
  </reporter-output>
  <suite name="Suite" duration-ms="273184" started-at="2023-08-06T15:55:56 IST" finished-at="2023-08-06T16:00:29 IST">
    <groups>
    </groups>
    <test name="Test" duration-ms="273184" started-at="2023-08-06T15:55:56 IST" finished-at="2023-08-06T16:00:29 IST">
      <class name="com.boatHeadphonesAssignment.tests.FindBestSellerAndTrendingEarphonesTest">
        <test-method status="PASS" signature="initialization()[pri:0, instance:com.boatHeadphonesAssignment.tests.FindBestSellerAndTrendingEarphonesTest@3d99d22e]" name="initialization" is-config="true" duration-ms="13135" started-at="2023-08-06T15:55:56 IST" finished-at="2023-08-06T15:56:09 IST">
          <reporter-output>
          </reporter-output>
        </test-method> <!-- initialization -->
        <test-method status="PASS" signature="findBestSellerAndTrendingBoatEarphones()[pri:0, instance:com.boatHeadphonesAssignment.tests.FindBestSellerAndTrendingEarphonesTest@3d99d22e]" name="findBestSellerAndTrendingBoatEarphones" duration-ms="257884" started-at="2023-08-06T15:56:09 IST" description="Test to find bestseller and trending boar headphones on flipkart" finished-at="2023-08-06T16:00:27 IST">
          <reporter-output>
          </reporter-output>
        </test-method> <!-- findBestSellerAndTrendingBoatEarphones -->
        <test-method status="PASS" signature="quit()[pri:0, instance:com.boatHeadphonesAssignment.tests.FindBestSellerAndTrendingEarphonesTest@3d99d22e]" name="quit" is-config="true" duration-ms="2101" started-at="2023-08-06T16:00:27 IST" finished-at="2023-08-06T16:00:29 IST">
          <reporter-output>
          </reporter-output>
        </test-method> <!-- quit -->
      </class> <!-- com.boatHeadphonesAssignment.tests.FindBestSellerAndTrendingEarphonesTest -->
    </test> <!-- Test -->
  </suite> <!-- Suite -->
</testng-results>
